2025-04-17 18:36:56,421 - INFO - Comparaison entre tests/test_face.jpg et public/img/reference.jpg
2025-04-17 18:36:56,438 - ERROR - Erreur de comparaison: Impossible de lire une des images
Traceback (most recent call last):
  File "C:\Users\motez\OneDrive\Bureau\template-master - Copie\template-master - Copie\compare.py", line 56, in run_comparison
    raise ValueError("Impossible de lire une des images")
ValueError: Impossible de lire une des images
2025-04-17 18:37:14,154 - INFO - Comparaison entre tests/test_face.jpg et public/img/reference.jpg
2025-04-17 18:37:14,172 - ERROR - Erreur de comparaison: Impossible de lire une des images
Traceback (most recent call last):
  File "C:\Users\motez\OneDrive\Bureau\template-master - Copie\template-master - Copie\compare.py", line 56, in run_comparison
    raise ValueError("Impossible de lire une des images")
ValueError: Impossible de lire une des images
2025-04-17 18:40:25,149 - INFO - Loading image from: tests\test_face.jpg
2025-04-17 18:40:25,149 - ERROR - Error loading image tests\test_face.jpg: Image file not found: tests\test_face.jpg
2025-04-17 18:40:25,149 - ERROR - Comparison error: Image file not found: tests\test_face.jpg
Traceback (most recent call last):
  File "C:\Users\motez\OneDrive\Bureau\template-master - Copie\template-master - Copie\compare.py", line 85, in compare_faces
    img1 = self.load_image(img1_path)
           ^^^^^^^^^^^^^^^^^^^^^^^^^^
  File "C:\Users\motez\OneDrive\Bureau\template-master - Copie\template-master - Copie\compare.py", line 55, in load_image
    raise FileNotFoundError(f"Image file not found: {path}")
FileNotFoundError: Image file not found: tests\test_face.jpg
2025-04-17 18:40:32,255 - INFO - Loading image from: tests\test_face.jpg
2025-04-17 18:40:32,255 - ERROR - Error loading image tests\test_face.jpg: Image file not found: tests\test_face.jpg
2025-04-17 18:40:32,255 - ERROR - Comparison error: Image file not found: tests\test_face.jpg
Traceback (most recent call last):
  File "C:\Users\motez\OneDrive\Bureau\template-master - Copie\template-master - Copie\compare.py", line 85, in compare_faces
    img1 = self.load_image(img1_path)
           ^^^^^^^^^^^^^^^^^^^^^^^^^^
  File "C:\Users\motez\OneDrive\Bureau\template-master - Copie\template-master - Copie\compare.py", line 55, in load_image
    raise FileNotFoundError(f"Image file not found: {path}")
FileNotFoundError: Image file not found: tests\test_face.jpg
2025-04-17 18:41:10,313 - INFO - Loading image from: public\img\reference.jpg
2025-04-17 18:41:10,313 - INFO - Loading image from: public\img\reference.jpg
